Using pre-set license
Built from '2020.3/staging' branch; Version is '2020.3.17f1 (a4537701e4ab) revision 10769271'; Using compiler version '192528614'; Build Type 'Release'
OS: 'Windows 10 Enterprise; OS build 19042.1348; Version 2009; 64bit' Language: 'en' Physical Memory: 16212 MB
BatchMode: 1, IsHumanControllingUs: 0, StartBugReporterOnCrash: 0, Is64bit: 1, IsPro: 0

COMMAND LINE ARGUMENTS:
C:\Program Files\Unity\Hub\Editor\2020.3.17f1\Editor\Unity.exe
-adb2
-batchMode
-noUpm
-name
AssetImportWorker0
-projectPath
C:/Users/jpaesano/Documents/Unity/New Unity Project
-logFile
Logs/AssetImportWorker0.log
-srvPort
64721
Successfully changed project path to: C:/Users/jpaesano/Documents/Unity/New Unity Project
C:/Users/jpaesano/Documents/Unity/New Unity Project
Using Asset Import Pipeline V2.
Refreshing native plugins compatible for Editor in 50.46 ms, found 2 plugins.
Preloading 0 native plugins for Editor in 0.00 ms.
Initialize engine version: 2020.3.17f1 (a4537701e4ab)
[Subsystems] Discovering subsystems at path C:/Program Files/Unity/Hub/Editor/2020.3.17f1/Editor/Data/Resources/UnitySubsystems
[Subsystems] Discovering subsystems at path C:/Users/jpaesano/Documents/Unity/New Unity Project/Assets
GfxDevice: creating device client; threaded=0
Direct3D:
    Version:  Direct3D 11.0 [level 11.1]
    Renderer: Intel(R) UHD Graphics 620 (ID=0x5917)
    Vendor:   
    VRAM:     8106 MB
    Driver:   27.20.100.8681
Initialize mono
Mono path[0] = 'C:/Program Files/Unity/Hub/Editor/2020.3.17f1/Editor/Data/Managed'
Mono path[1] = 'C:/Program Files/Unity/Hub/Editor/2020.3.17f1/Editor/Data/MonoBleedingEdge/lib/mono/unityjit'
Mono config path = 'C:/Program Files/Unity/Hub/Editor/2020.3.17f1/Editor/Data/MonoBleedingEdge/etc'
Using monoOptions --debugger-agent=transport=dt_socket,embedding=1,server=y,suspend=n,address=127.0.0.1:56004
Begin MonoManager ReloadAssembly
Registering precompiled unity dll's ...
Register platform support module: C:/Program Files/Unity/Hub/Editor/2020.3.17f1/Editor/Data/PlaybackEngines/WebGLSupport/UnityEditor.WebGL.Extensions.dll
Register platform support module: C:/Program Files/Unity/Hub/Editor/2020.3.17f1/Editor/Data/PlaybackEngines/WindowsStandaloneSupport/UnityEditor.WindowsStandalone.Extensions.dll
Registered in 0.003482 seconds.
Native extension for WindowsStandalone target not found
Native extension for WebGL target not found
Refreshing native plugins compatible for Editor in 46.31 ms, found 2 plugins.
Preloading 0 native plugins for Editor in 0.00 ms.
Mono: successfully reloaded assembly
- Completed reload, in  1.526 seconds
Domain Reload Profiling:
	ReloadAssembly (1526ms)
		BeginReloadAssembly (58ms)
			ExecutionOrderSort (0ms)
			DisableScriptedObjects (0ms)
			BackupInstance (0ms)
			ReleaseScriptingObjects (0ms)
			CreateAndSetChildDomain (1ms)
		EndReloadAssembly (421ms)
			LoadAssemblies (55ms)
			RebuildTransferFunctionScriptingTraits (0ms)
			SetupTypeCache (148ms)
			ReleaseScriptCaches (0ms)
			RebuildScriptCaches (31ms)
			SetupLoadedEditorAssemblies (168ms)
				LogAssemblyErrors (0ms)
				InitializePlatformSupportModulesInManaged (5ms)
				SetLoadedEditorAssemblies (1ms)
				RefreshPlugins (46ms)
				BeforeProcessingInitializeOnLoad (15ms)
				ProcessInitializeOnLoadAttributes (75ms)
				ProcessInitializeOnLoadMethodAttributes (27ms)
				AfterProcessingInitializeOnLoad (0ms)
				EditorAssembliesLoaded (0ms)
			ExecutionOrderSort2 (0ms)
			AwakeInstancesAfterBackupRestoration (0ms)
Platform modules already initialized, skipping
Registering precompiled user dll's ...
Registered in 0.009593 seconds.
Begin MonoManager ReloadAssembly
Native extension for WindowsStandalone target not found
Native extension for WebGL target not found
Refreshing native plugins compatible for Editor in 47.02 ms, found 2 plugins.
Preloading 0 native plugins for Editor in 0.00 ms.
Mono: successfully reloaded assembly
- Completed reload, in  1.255 seconds
Domain Reload Profiling:
	ReloadAssembly (1256ms)
		BeginReloadAssembly (145ms)
			ExecutionOrderSort (0ms)
			DisableScriptedObjects (4ms)
			BackupInstance (0ms)
			ReleaseScriptingObjects (0ms)
			CreateAndSetChildDomain (20ms)
		EndReloadAssembly (1050ms)
			LoadAssemblies (98ms)
			RebuildTransferFunctionScriptingTraits (0ms)
			SetupTypeCache (312ms)
			ReleaseScriptCaches (1ms)
			RebuildScriptCaches (49ms)
			SetupLoadedEditorAssemblies (474ms)
				LogAssemblyErrors (0ms)
				InitializePlatformSupportModulesInManaged (5ms)
				SetLoadedEditorAssemblies (0ms)
				RefreshPlugins (47ms)
				BeforeProcessingInitializeOnLoad (87ms)
				ProcessInitializeOnLoadAttributes (323ms)
				ProcessInitializeOnLoadMethodAttributes (4ms)
				AfterProcessingInitializeOnLoad (6ms)
				EditorAssembliesLoaded (0ms)
			ExecutionOrderSort2 (0ms)
			AwakeInstancesAfterBackupRestoration (7ms)
Platform modules already initialized, skipping
========================================================================
Worker process is ready to serve import requests
Launched and connected shader compiler UnityShaderCompiler.exe after 0.07 seconds
Refreshing native plugins compatible for Editor in 0.51 ms, found 2 plugins.
Preloading 0 native plugins for Editor in 0.00 ms.
Unloading 2744 Unused Serialized files (Serialized files now loaded: 0)
System memory in use before: 137.7 MB.
System memory in use after: 137.9 MB.

Unloading 19 unused Assets to reduce memory usage. Loaded Objects now: 3192.
Total: 4.379600 ms (FindLiveObjects: 0.390100 ms CreateObjectMapping: 0.107800 ms MarkObjects: 3.797000 ms  DeleteObjects: 0.083400 ms)

AssetImportParameters requested are different than current active one (requested -> active):
  custom:framework-win-MediaFoundation: 216162199b28c13a410421893ffa2e32 -> 
  custom:video-decoder-ogg-theora: a1e56fd34408186e4bbccfd4996cb3dc -> 
  custom:container-muxer-webm: aa71ff27fc2769a1b78a27578f13a17b -> 
  custom:container-demuxer-webm: 4f35f7cbe854078d1ac9338744f61a02 -> 
  custom:container-demuxer-ogg: 62fdf1f143b41e24485cea50d1cbac27 -> 
  custom:video-encoder-webm-vp8: eb34c28f22e8b96e1ab97ce403110664 -> 
  custom:video-decoder-webm-vp8: 9c59270c3fd7afecdb556c50c9e8de78 -> 
  custom:audio-decoder-ogg-vorbis: bf7c407c2cedff20999df2af8eb42d56 -> 
  custom:audio-encoder-webm-vorbis: bf7c407c2cedff20999df2af8eb42d56 -> 
========================================================================
Received Import Request.
  path: Assets/Sounds/hit.wav
  artifactKey: Guid(d044c2c47b530304589ece3eb3771bc0) Importer(815301076,1909f56bfc062723c751e8b465ee728b)
Start importing Assets/Sounds/hit.wav using Guid(d044c2c47b530304589ece3eb3771bc0) Importer(815301076,1909f56bfc062723c751e8b465ee728b)  -> (artifact id: '428455ca67198f00987c189909552f4d') in 0.112740 seconds 
  Import took 0.124300 seconds .

========================================================================
Received Import Request.
  Time since last request: 0.586882 seconds.
  path: Assets/Scenes/Movement Test.unity
  artifactKey: Guid(337084b4456fb2644a57ff8ee067b9e9) Importer(815301076,1909f56bfc062723c751e8b465ee728b)
Start importing Assets/Scenes/Movement Test.unity using Guid(337084b4456fb2644a57ff8ee067b9e9) Importer(815301076,1909f56bfc062723c751e8b465ee728b)  -> (artifact id: 'c4e20830dbca665335e15229b09edd9a') in 0.005716 seconds 
  Import took 0.014436 seconds .

========================================================================
Received Import Request.
  Time since last request: 111.908412 seconds.
  path: Assets/Scenes/Bouncy Room.unity
  artifactKey: Guid(6184eeeb954b2ba4fabfa67daac33902) Importer(815301076,1909f56bfc062723c751e8b465ee728b)
Start importing Assets/Scenes/Bouncy Room.unity using Guid(6184eeeb954b2ba4fabfa67daac33902) Importer(815301076,1909f56bfc062723c751e8b465ee728b)  -> (artifact id: '14d2f1d670baa5a47fe8f6c9d3aa8904') in 0.006166 seconds 
  Import took 0.018962 seconds .

========================================================================
Received Import Request.
  Time since last request: 0.000568 seconds.
  path: Assets/Scenes/Bouncy Room.unity
  artifactKey: Guid(6184eeeb954b2ba4fabfa67daac33902) Importer(815301076,1909f56bfc062723c751e8b465ee728b)
Start importing Assets/Scenes/Bouncy Room.unity using Guid(6184eeeb954b2ba4fabfa67daac33902) Importer(815301076,1909f56bfc062723c751e8b465ee728b)  -> (artifact id: '14d2f1d670baa5a47fe8f6c9d3aa8904') in 0.004774 seconds 
  Import took 0.010431 seconds .

========================================================================
Received Import Request.
  Time since last request: 17.148043 seconds.
  path: Assets/Prefabs/Clouds.prefab
  artifactKey: Guid(b872ac08e42919641848e07e28dcc15a) Importer(815301076,1909f56bfc062723c751e8b465ee728b)
Start importing Assets/Prefabs/Clouds.prefab using Guid(b872ac08e42919641848e07e28dcc15a) Importer(815301076,1909f56bfc062723c751e8b465ee728b)  -> (artifact id: '9f5283ab9ae37835156fe779e71c1a49') in 0.172569 seconds 
  Import took 0.184098 seconds .

========================================================================
Received Import Request.
  Time since last request: 0.000375 seconds.
  path: Assets/Prefabs/Mushroom.prefab
  artifactKey: Guid(55024e086a1cf4349ab7ca478995f6aa) Importer(815301076,1909f56bfc062723c751e8b465ee728b)
Start importing Assets/Prefabs/Mushroom.prefab using Guid(55024e086a1cf4349ab7ca478995f6aa) Importer(815301076,1909f56bfc062723c751e8b465ee728b)  -> (artifact id: 'b2efac565c88eab2e1eb2951a9875785') in 0.033244 seconds 
  Import took 0.037716 seconds .

========================================================================
Received Import Request.
  Time since last request: 0.000380 seconds.
  path: Assets/Prefabs/EnvBranch.prefab
  artifactKey: Guid(597c4b6fef12cc74ba53abe52a960b85) Importer(815301076,1909f56bfc062723c751e8b465ee728b)
Start importing Assets/Prefabs/EnvBranch.prefab using Guid(597c4b6fef12cc74ba53abe52a960b85) Importer(815301076,1909f56bfc062723c751e8b465ee728b)  -> (artifact id: 'ab4a5e29f79b3bb8598c5a815709c8a5') in 0.033757 seconds 
  Import took 0.040952 seconds .

========================================================================
Received Import Request.
  Time since last request: 0.000488 seconds.
  path: Assets/Prefabs/Particle System.prefab
  artifactKey: Guid(0c0de1f3f8329e7498a7a4f6af31ae10) Importer(815301076,1909f56bfc062723c751e8b465ee728b)
Start importing Assets/Prefabs/Particle System.prefab using Guid(0c0de1f3f8329e7498a7a4f6af31ae10) Importer(815301076,1909f56bfc062723c751e8b465ee728b)  -> (artifact id: '0961f9ecc9a03b503a887a0c48800749') in 0.032754 seconds 
  Import took 0.038482 seconds .

========================================================================
Received Import Request.
  Time since last request: 0.000286 seconds.
  path: Assets/Prefabs/House.prefab
  artifactKey: Guid(a559a0e8e93fcb049a894b50e1ffa3aa) Importer(815301076,1909f56bfc062723c751e8b465ee728b)
Start importing Assets/Prefabs/House.prefab using Guid(a559a0e8e93fcb049a894b50e1ffa3aa) Importer(815301076,1909f56bfc062723c751e8b465ee728b)  -> (artifact id: 'bc04c98901310041b5de0f279d351420') in 0.020861 seconds 
  Import took 0.027728 seconds .

========================================================================
Received Import Request.
  Time since last request: 0.000403 seconds.
  path: Assets/Prefabs/Stones.prefab
  artifactKey: Guid(c72f04a74af7dab42a9ece3b7d4e9d13) Importer(815301076,1909f56bfc062723c751e8b465ee728b)
Start importing Assets/Prefabs/Stones.prefab using Guid(c72f04a74af7dab42a9ece3b7d4e9d13) Importer(815301076,1909f56bfc062723c751e8b465ee728b)  -> (artifact id: 'b42323832a50182832acd7f2ed863c98') in 0.031440 seconds 
  Import took 0.037494 seconds .

========================================================================
Received Import Request.
  Time since last request: 0.000286 seconds.
  path: Assets/Prefabs/Rock.prefab
  artifactKey: Guid(56c8575d3b500dc4582c707b51e50ad7) Importer(815301076,1909f56bfc062723c751e8b465ee728b)
Start importing Assets/Prefabs/Rock.prefab using Guid(56c8575d3b500dc4582c707b51e50ad7) Importer(815301076,1909f56bfc062723c751e8b465ee728b)  -> (artifact id: '199e5eaed9da54c27aba0491d8a62e5b') in 0.014722 seconds 
  Import took 0.021957 seconds .

========================================================================
Received Prepare
Registering precompiled user dll's ...
Registered in 0.008892 seconds.
Begin MonoManager ReloadAssembly
Native extension for WindowsStandalone target not found
Native extension for WebGL target not found
Refreshing native plugins compatible for Editor in 0.83 ms, found 2 plugins.
Preloading 0 native plugins for Editor in 0.00 ms.
Mono: successfully reloaded assembly
- Completed reload, in  1.325 seconds
Domain Reload Profiling:
	ReloadAssembly (1325ms)
		BeginReloadAssembly (166ms)
			ExecutionOrderSort (0ms)
			DisableScriptedObjects (6ms)
			BackupInstance (0ms)
			ReleaseScriptingObjects (0ms)
			CreateAndSetChildDomain (39ms)
		EndReloadAssembly (1081ms)
			LoadAssemblies (101ms)
			RebuildTransferFunctionScriptingTraits (0ms)
			SetupTypeCache (340ms)
			ReleaseScriptCaches (1ms)
			RebuildScriptCaches (57ms)
			SetupLoadedEditorAssemblies (396ms)
				LogAssemblyErrors (0ms)
				InitializePlatformSupportModulesInManaged (9ms)
				SetLoadedEditorAssemblies (1ms)
				RefreshPlugins (1ms)
				BeforeProcessingInitializeOnLoad (101ms)
				ProcessInitializeOnLoadAttributes (274ms)
				ProcessInitializeOnLoadMethodAttributes (3ms)
				AfterProcessingInitializeOnLoad (7ms)
				EditorAssembliesLoaded (0ms)
			ExecutionOrderSort2 (0ms)
			AwakeInstancesAfterBackupRestoration (15ms)
Platform modules already initialized, skipping
Refreshing native plugins compatible for Editor in 0.51 ms, found 2 plugins.
Preloading 0 native plugins for Editor in 0.00 ms.
Unloading 2635 Unused Serialized files (Serialized files now loaded: 0)
System memory in use before: 135.8 MB.
System memory in use after: 136.1 MB.

Unloading 17 unused Assets to reduce memory usage. Loaded Objects now: 3243.
Total: 3.576300 ms (FindLiveObjects: 0.282700 ms CreateObjectMapping: 0.138900 ms MarkObjects: 3.094700 ms  DeleteObjects: 0.058800 ms)

AssetImportParameters requested are different than current active one (requested -> active):
  custom:framework-win-MediaFoundation: 216162199b28c13a410421893ffa2e32 -> 
  custom:video-decoder-ogg-theora: a1e56fd34408186e4bbccfd4996cb3dc -> 
  custom:container-muxer-webm: aa71ff27fc2769a1b78a27578f13a17b -> 
  custom:container-demuxer-webm: 4f35f7cbe854078d1ac9338744f61a02 -> 
  custom:container-demuxer-ogg: 62fdf1f143b41e24485cea50d1cbac27 -> 
  custom:video-encoder-webm-vp8: eb34c28f22e8b96e1ab97ce403110664 -> 
  custom:video-decoder-webm-vp8: 9c59270c3fd7afecdb556c50c9e8de78 -> 
  custom:audio-decoder-ogg-vorbis: bf7c407c2cedff20999df2af8eb42d56 -> 
  custom:audio-encoder-webm-vorbis: bf7c407c2cedff20999df2af8eb42d56 -> 
========================================================================
Received Import Request.
  Time since last request: 98.120026 seconds.
  path: Assets/Models/Mushroom.fbx
  artifactKey: Guid(aaa40188b3c060648830ad13459f3741) Importer(815301076,1909f56bfc062723c751e8b465ee728b)
Start importing Assets/Models/Mushroom.fbx using Guid(aaa40188b3c060648830ad13459f3741) Importer(815301076,1909f56bfc062723c751e8b465ee728b)  -> (artifact id: 'f6e39ee94835c54ed25585434dbc14f8') in 0.650276 seconds 
  Import took 0.662728 seconds .

========================================================================
Received Import Request.
  Time since last request: 0.000571 seconds.
  path: Assets/Models/Stones.fbx
  artifactKey: Guid(e0a19ef3f378e8c4d97b6c3c7760d004) Importer(815301076,1909f56bfc062723c751e8b465ee728b)
Start importing Assets/Models/Stones.fbx using Guid(e0a19ef3f378e8c4d97b6c3c7760d004) Importer(815301076,1909f56bfc062723c751e8b465ee728b)  -> (artifact id: 'adc9a85e4a1ea04834796e12fa97e307') in 0.030830 seconds 
  Import took 0.041186 seconds .

========================================================================
Received Import Request.
  Time since last request: 0.000392 seconds.
  path: Assets/Models/Rock.fbx
  artifactKey: Guid(6a5def3c4ca30e4408e84a2ecefc7fc5) Importer(815301076,1909f56bfc062723c751e8b465ee728b)
Start importing Assets/Models/Rock.fbx using Guid(6a5def3c4ca30e4408e84a2ecefc7fc5) Importer(815301076,1909f56bfc062723c751e8b465ee728b)  -> (artifact id: 'bc19a8fe76aa700437c5e15e2101cfcb') in 0.033744 seconds 
  Import took 0.041931 seconds .

========================================================================
Received Import Request.
  Time since last request: 0.000303 seconds.
  path: Assets/Models/smallHill.FBX
  artifactKey: Guid(fa2de927b16068942b207c17b947d643) Importer(815301076,1909f56bfc062723c751e8b465ee728b)
Start importing Assets/Models/smallHill.FBX using Guid(fa2de927b16068942b207c17b947d643) Importer(815301076,1909f56bfc062723c751e8b465ee728b)  -> (artifact id: 'ec6dbc120451a26b16b6c540ec2feb7c') in 0.049584 seconds 
  Import took 0.063114 seconds .

========================================================================
Received Import Request.
  Time since last request: 0.000595 seconds.
  path: Assets/Models/UnityHouse.FBX
  artifactKey: Guid(f226a44999bc4724a811e61c4a2448bb) Importer(815301076,1909f56bfc062723c751e8b465ee728b)
Start importing Assets/Models/UnityHouse.FBX using Guid(f226a44999bc4724a811e61c4a2448bb) Importer(815301076,1909f56bfc062723c751e8b465ee728b)  -> (artifact id: 'f12d05bea2ec6ab50aed1942616f106f') in 0.032920 seconds 
  Import took 0.042070 seconds .

AssetImportWorkerClient::OnTransportError - code=2 error=End of file
